Fri Mar  8 11:31:01 PM -03 2024
--Aplicando tema oscuro
Cambiando tema de vscodium
cambiando a tema dark

---input:{
    "workbench.colorTheme": "Bluloco Light Italic",
    "workbench.iconTheme": "material-icon-theme",
    "editor.fontFamily": "'UbuntuMono Nerd Font','JetBrainsMono Nerd Font','Droid Sans Mono', 'monospace', monospace",
    "editor.renderWhitespace": "boundary",
    "editor.insertSpaces": false,
    "editor.wordWrap": "on",
    "editor.bracketPairColorization.independentColorPoolPerBracketType": true,
    "editor.guides.bracketPairs": true,
    "editor.detectIndentation": false,
    "editor.smoothScrolling": true,
    "editor.stickyScroll.enabled": true,
    "editor.cursorBlinking": "smooth",
    "editor.cursorSmoothCaretAnimation": "on",
    "editor.cursorSurroundingLines": 7,
    "editor.cursorSurroundingLinesStyle": "all",
    "editor.minimap.maxColumn": 60,
    "editor.unicodeHighlight.nonBasicASCII": false
}

---output:{
    "workbench.colorTheme": "Bluloco Dark Italic",
    "workbench.iconTheme": "material-icon-theme",
    "editor.fontFamily": "'UbuntuMono Nerd Font','JetBrainsMono Nerd Font','Droid Sans Mono', 'monospace', monospace",
    "editor.renderWhitespace": "boundary",
    "editor.insertSpaces": false,
    "editor.wordWrap": "on",
    "editor.bracketPairColorization.independentColorPoolPerBracketType": true,
    "editor.guides.bracketPairs": true,
    "editor.detectIndentation": false,
    "editor.smoothScrolling": true,
    "editor.stickyScroll.enabled": true,
    "editor.cursorBlinking": "smooth",
    "editor.cursorSmoothCaretAnimation": "on",
    "editor.cursorSurroundingLines": 7,
    "editor.cursorSurroundingLinesStyle": "all",
    "editor.minimap.maxColumn": 60,
    "editor.unicodeHighlight.nonBasicASCII": false
}
archivo guardado
Cambiando tema de alacritty
cambiando a tema dark

---input:import = ["~/.config/alacritty/themes/themes/onedark.toml"]

[font.normal]
family = "UbuntuMono Nerd Font"

[font]
size = 12

[window]
dynamic_padding = true
padding = { x = 8, y = 8 }

[selection]
save_to_clipboard = true

archivo guardado
Cambiando tema de micro
cambiando a tema dark

---input:{
    "colorscheme": "bubblegum"
}

---output:{
    "colorscheme": "railscast"
}
archivo guardado
